<?xml version="1.0" encoding="UTF-8"?>
<testng-results ignored="1" total="2" passed="1" failed="0" skipped="0">
  <reporter-output>
  </reporter-output>
  <suite started-at="2023-03-15T20:58:22 IST" name="Default suite" finished-at="2023-03-15T20:58:28 IST" duration-ms="6047">
    <groups>
    </groups>
    <test started-at="2023-03-15T20:58:22 IST" name="Default test" finished-at="2023-03-15T20:58:28 IST" duration-ms="6047">
      <class name="TestNgpack.VerifyForgorPasswordPage">
        <test-method is-config="true" signature="beforeclass()[pri:0, instance:TestNgpack.VerifyForgorPasswordPage@72a7c7e0]" started-at="2023-03-15T20:58:22 IST" name="beforeclass" finished-at="2023-03-15T20:58:23 IST" duration-ms="1553" status="PASS">
          <reporter-output>
          </reporter-output>
        </test-method> <!-- beforeclass -->
        <test-method is-config="true" signature="beforemethod()[pri:0, instance:TestNgpack.VerifyForgorPasswordPage@72a7c7e0]" started-at="2023-03-15T20:58:23 IST" name="beforemethod" finished-at="2023-03-15T20:58:28 IST" duration-ms="4404" status="PASS">
          <reporter-output>
          </reporter-output>
        </test-method> <!-- beforemethod -->
        <test-method signature="B()[pri:0, instance:TestNgpack.VerifyForgorPasswordPage@72a7c7e0]" started-at="2023-03-15T20:58:28 IST" name="B" finished-at="2023-03-15T20:58:28 IST" duration-ms="41" status="PASS">
          <reporter-output>
          </reporter-output>
        </test-method> <!-- B -->
        <test-method is-config="true" signature="aftermethod()[pri:0, instance:TestNgpack.VerifyForgorPasswordPage@72a7c7e0]" started-at="2023-03-15T20:58:28 IST" name="aftermethod" finished-at="2023-03-15T20:58:28 IST" duration-ms="0" status="PASS">
          <reporter-output>
          </reporter-output>
        </test-method> <!-- aftermethod -->
        <test-method is-config="true" signature="afterclass()[pri:0, instance:TestNgpack.VerifyForgorPasswordPage@72a7c7e0]" started-at="2023-03-15T20:58:28 IST" name="afterclass" finished-at="2023-03-15T20:58:28 IST" duration-ms="1" status="PASS">
          <reporter-output>
          </reporter-output>
        </test-method> <!-- afterclass -->
      </class> <!-- TestNgpack.VerifyForgorPasswordPage -->
    </test> <!-- Default test -->
  </suite> <!-- Default suite -->
</testng-results>
